<?xml version="1.0" encoding="UTF-8"?>
<!-- Generated by org.testng.reporters.JUnitReportReporter -->
<testsuite hostname="Bhandari" failures="0" tests="3" name="sameerLearningHub.tests.OpenDMM" time="13.774" errors="0" timestamp="2024-05-13T11:13:43 IST" skipped="1">
  <testcase classname="sameerLearningHub.tests.OpenDMM" name="goToDIP" time="6.542"/>
  <system-out/>
  <testcase classname="sameerLearningHub.tests.OpenDMM" name="goToDIP" time="7.232"/>
  <system-out/>
  <testcase classname="sameerLearningHub.tests.OpenDMM" name="getDocIdfromDMMTest">
    <skipped/>
  </testcase> <!-- getDocIdfromDMMTest -->
  <system-out/>
</testsuite> <!-- sameerLearningHub.tests.OpenDMM -->
