<?xml version="1.0" encoding="UTF-8"?>
<!-- Generated by org.testng.reporters.JUnitReportReporter -->
<testsuite hostname="Bhandari" failures="0" tests="1" name="sameerLearningHub.tests.ErrorValidation" time="8.203" errors="0" timestamp="17 Mar 2024 15:25:46 GMT" skipped="0">
  <testcase classname="sameerLearningHub.tests.ErrorValidation" name="errorLogin" time="8.203"/>
</testsuite> <!-- sameerLearningHub.tests.ErrorValidation -->
