<?xml version="1.0" encoding="UTF-8"?>
<!-- Generated by org.testng.reporters.JUnitReportReporter -->
<testsuite hostname="Bhandari" failures="0" tests="1" name="sameerLearningHub.tests.FrameDemo" time="41.275" errors="0" timestamp="2024-05-16T16:17:41 IST" skipped="0">
  <testcase classname="sameerLearningHub.tests.FrameDemo" name="practiceDropdown" time="41.275"/>
  <system-out/>
</testsuite> <!-- sameerLearningHub.tests.FrameDemo -->
