<?xml version="1.0" encoding="UTF-8"?>
<!-- Generated by org.testng.reporters.JUnitReportReporter -->
<testsuite hostname="Bhandari" failures="0" tests="1" name="sameerLearningHub.tests.handleWindow" time="29.172" errors="0" timestamp="2024-05-13T15:40:18 IST" skipped="0">
  <testcase classname="sameerLearningHub.tests.handleWindow" name="handlingMultipleWindows" time="29.172"/>
  <system-out/>
</testsuite> <!-- sameerLearningHub.tests.handleWindow -->
