<?xml version="1.0" encoding="UTF-8"?>
<!-- Generated by org.testng.reporters.JUnitReportReporter -->
<testsuite hostname="Bhandari" failures="0" tests="1" name="sameerLearningHub.tests.OpenDMM2" time="33.883" errors="0" timestamp="17 Mar 2024 12:02:47 GMT" skipped="0">
  <testcase classname="sameerLearningHub.tests.OpenDMM2" name="openDocument" time="33.883"/>
</testsuite> <!-- sameerLearningHub.tests.OpenDMM2 -->
